2017-08-06 21:55:18 DEBUG DataController:45 - Build model...
2017-08-06 21:55:18 DEBUG DataController:51 - Train model...
2017-08-06 21:59:34 DEBUG DataController:41 - Build model...
2017-08-06 21:59:34 DEBUG DataController:47 - Train model...
2017-08-06 21:59:36 DEBUG DataController:53 - Evaluate model...
2017-08-06 21:59:36 INFO  DataController:55 - 
Column    MSE            MAE            RMSE           RSE            R^2            
col_0     1.10172e+01    2.27422e+00    3.31922e+00    2.93069e-01    8.70042e-01    

2017-08-06 21:59:36 DEBUG DataController:61 - predict: 17.17
2017-08-07 00:24:18 DEBUG DataController:41 - Build model...
2017-08-07 00:24:18 DEBUG DataController:47 - Train model...
2017-08-07 00:27:36 DEBUG DataController:41 - Build model...
2017-08-07 00:27:36 DEBUG DataController:47 - Train model...
2017-08-08 15:44:27 DEBUG DataController:41 - Build model...
2017-08-08 15:44:27 DEBUG DataController:47 - Train model...
2017-08-08 15:44:37 DEBUG DataController:53 - Evaluate model...
2017-08-08 15:44:37 INFO  DataController:55 - 
Column    MSE            MAE            RMSE           RSE            R^2            
col_0     4.09562e+14    1.75313e+07    2.02376e+07    1.00811e+00    1.70266e-01    

2017-08-08 15:44:37 DEBUG DataController:61 - predict: 64,224,968.00
2017-08-08 15:46:05 DEBUG DataController:41 - Build model...
2017-08-08 15:46:05 DEBUG DataController:47 - Train model...
2017-08-08 15:46:16 DEBUG DataController:53 - Evaluate model...
2017-08-08 15:46:16 INFO  DataController:55 - 
Column    MSE            MAE            RMSE           RSE            R^2            
col_0     2.16105e+14    1.16421e+07    1.47005e+07    5.13386e-01    7.26740e-01    

2017-08-08 15:46:16 DEBUG DataController:61 - predict: 16,328,012.00
2017-08-08 15:48:34 DEBUG DataController:41 - Build model...
2017-08-08 15:48:34 DEBUG DataController:47 - Train model...
2017-08-08 15:48:47 DEBUG DataController:53 - Evaluate model...
2017-08-08 15:48:47 INFO  DataController:55 - 
Column    MSE            MAE            RMSE           RSE            R^2            
col_0     3.16292e+14    1.30167e+07    1.77846e+07    6.40067e-01    7.54288e-01    

2017-08-08 15:48:47 DEBUG DataController:61 - predict: 17,553,912.00
2017-08-08 15:53:41 DEBUG DataController:41 - Build model...
2017-08-08 15:53:41 DEBUG DataController:47 - Train model...
2017-08-08 15:54:20 DEBUG DataController:41 - Build model...
2017-08-08 15:54:20 DEBUG DataController:47 - Train model...
2017-08-08 15:54:28 DEBUG DataController:53 - Evaluate model...
2017-08-08 15:54:28 INFO  DataController:55 - 
Column    MSE            MAE            RMSE           RSE            R^2            
col_0     1.69079e+14    9.61354e+06    1.30030e+07    3.52057e-01    8.08323e-01    

2017-08-08 15:54:28 DEBUG DataController:61 - predict: 20,087,228.00
2017-08-08 16:12:03 DEBUG DataController:42 - Build model...
2017-08-08 16:12:05 DEBUG DataController:49 - Train model...
2017-08-08 16:12:06 DEBUG DataController:55 - Evaluate model...
2017-08-08 16:12:06 INFO  DataController:57 - 
Column    MSE            MAE            RMSE           RSE            R^2            
col_0     2.78410e+14    1.27570e+07    1.66856e+07    5.60568e-01    7.81329e-01    

2017-08-08 16:12:06 DEBUG DataController:63 - predict: 6,774,804.00
2017-08-08 16:13:30 DEBUG DataController:42 - Build model...
2017-08-08 16:13:32 DEBUG DataController:49 - Train model...
2017-08-08 16:13:39 DEBUG DataController:55 - Evaluate model...
2017-08-08 16:13:39 INFO  DataController:57 - 
Column    MSE            MAE            RMSE           RSE            R^2            
col_0     1.62775e+14    1.01961e+07    1.27583e+07    3.71428e-01    7.93390e-01    

2017-08-08 16:13:39 DEBUG DataController:63 - predict: 43,112,956.00
2017-08-08 16:14:26 DEBUG DataController:42 - Build model...
2017-08-08 16:14:28 DEBUG DataController:49 - Train model...
2017-08-08 16:14:29 DEBUG DataController:55 - Evaluate model...
2017-08-08 16:14:29 INFO  DataController:57 - 
Column    MSE            MAE            RMSE           RSE            R^2            
col_0     3.01184e+35    4.92389e+17    5.48802e+17    6.50587e+20    -8.03489e-01   

2017-08-08 16:14:29 DEBUG DataController:63 - predict: 481,473,255,585,087,490.00
2017-08-08 16:17:37 DEBUG DataController:46 - Build model...
2017-08-08 16:17:39 DEBUG DataController:53 - Train model...
2017-08-08 16:17:40 DEBUG DataController:59 - Evaluate model...
2017-08-08 16:17:40 INFO  DataController:61 - 
Column    MSE            MAE            RMSE           RSE            R^2            
col_0     2.96226e+14    1.46355e+07    1.72112e+07    6.17987e-01    6.24692e-01    

2017-08-08 16:17:40 DEBUG DataController:67 - predict: 32,033,774.00
